  PCBDistance.cpp
C:\Users\steve\OneDrive\桌面\OpenCV-master\OpenCV\HW2\PCBDistance.cpp(1,1): warning C4819: 檔案含有無法在目前字碼頁 (950) 中表示的字元。請以 Unicode 格式儲存檔案以防止資料遺失
C:\opencv\build\include\opencv2\core.hpp(1744,1): warning C4819: 檔案含有無法在目前字碼頁 (950) 中表示的字元。請以 Unicode 格式儲存檔案以防止資料遺失
C:\opencv\build\include\opencv2\core.hpp(1744,1): warning C4819: 檔案含有無法在目前字碼頁 (950) 中表示的字元。請以 Unicode 格式儲存檔案以防止資料遺失
C:\opencv\build\include\opencv2\core.hpp(1744,1): warning C4819: 檔案含有無法在目前字碼頁 (950) 中表示的字元。請以 Unicode 格式儲存檔案以防止資料遺失
C:\opencv\build\include\opencv2\calib3d.hpp(1,1): warning C4819: 檔案含有無法在目前字碼頁 (950) 中表示的字元。請以 Unicode 格式儲存檔案以防止資料遺失
C:\Users\steve\OneDrive\桌面\OpenCV-master\OpenCV\HW2\PCBDistance.cpp(47,45): warning C4244: '引數': 將 'double' 轉換為 '_Tp'，由於類型不同，可能導致資料遺失
          with
          [
              _Tp=float
          ]
C:\Users\steve\OneDrive\桌面\OpenCV-master\OpenCV\HW2\PCBDistance.cpp(48,71): warning C4244: '引數': 將 'double' 轉換為 '_Tp'，由於類型不同，可能導致資料遺失
          with
          [
              _Tp=float
          ]
C:\Users\steve\OneDrive\桌面\OpenCV-master\OpenCV\HW2\PCBDistance.cpp(48,32): warning C4244: '引數': 將 'int' 轉換為 '_Tp'，由於類型不同，可能導致資料遺失
          with
          [
              _Tp=float
          ]
C:\Users\steve\OneDrive\桌面\OpenCV-master\OpenCV\HW2\PCBDistance.cpp(82,28): warning C4244: '引數': 將 'double' 轉換為 '_Tp'，由於類型不同，可能導致資料遺失
          with
          [
              _Tp=float
          ]
C:\Users\steve\OneDrive\桌面\OpenCV-master\OpenCV\HW2\PCBDistance.cpp(82,25): warning C4244: '引數': 將 'double' 轉換為 '_Tp'，由於類型不同，可能導致資料遺失
          with
          [
              _Tp=float
          ]
  OpenCV.vcxproj -> C:\Users\steve\OneDrive\桌面\OpenCV-master\x64\Debug\OpenCV.exe
